<?xml version="1.0" encoding="UTF-8"?>
<!-- Generated by org.testng.reporters.JUnitReportReporter -->
<testsuite hostname="OVIYA" failures="0" tests="12" name="com.testcases.Flights" time="52.934" errors="0" timestamp="2024-11-18T11:29:10 IST" skipped="0">
  <testcase classname="com.testcases.Flights" name="Verify_user_is_able_to_view_flights_after_navigating_to_homePage" time="5.077"/>
  <system-out>
    <![CDATA[Navigated to Home Page
No thanks message is handled]]>
  </system-out>
  <testcase classname="com.testcases.Flights" name="Verify_user_is_able_to_enter_location_in_from_and_to_textfield" time="1.709"/>
  <system-out>
    <![CDATA[Entered from and to key is displayed
Entered fromToTextField value is displayed]]>
  </system-out>
  <testcase classname="com.testcases.Flights" name="Verify_user_is_able_to_click_on_options_in_depature" time="0.589"/>
  <system-out>
    <![CDATA[Departure date is displayed]]>
  </system-out>
  <testcase classname="com.testcases.Flights" name="Verify_user_is_able_to_click_on_options_in_depature_and_return" time="4.179"/>
  <system-out>
    <![CDATA[Return date is displayed]]>
  </system-out>
  <testcase classname="com.testcases.Flights" name="Verify_user_is_able_to_click_on_show_more_options_Link" time="3.162"/>
  <system-out>
    <![CDATA[Show more options is displayed
Routing dropdown is verified]]>
  </system-out>
  <testcase classname="com.testcases.Flights" name="Verify_user_is_able_to_click_on_Search_Flights_button" time="3.478"/>
  <system-out>
    <![CDATA[Search flights button is clicked
Navigated to lists of flights page]]>
  </system-out>
  <testcase classname="com.testcases.Flights" name="Verify_user_is_able_to_select_particular_flight_from_the_searched_result" time="9.623"/>
  <system-out>
    <![CDATA[Departure and return flights is selected
selectFlights is validated]]>
  </system-out>
  <testcase classname="com.testcases.Flights" name="Verify_user_is_able_to_click_on_book_Flights_button" time="6.834"/>
  <system-out>
    <![CDATA[Book flights button is clicked
Navigated to Passengers details page]]>
  </system-out>
  <testcase classname="com.testcases.Flights" name="Verify_user_is_able_to_enter_passengers_details" time="5.552"/>
  <system-out>
    <![CDATA[Entered Passengers details is displayed
Passengers details is verified]]>
  </system-out>
  <testcase classname="com.testcases.Flights" name="Verify_user_is_able_to_click_on_proceed_to_booking" time="3.418"/>
  <system-out>
    <![CDATA[clicked on proceed to booking button
Navigated to refundable page]]>
  </system-out>
  <testcase classname="com.testcases.Flights" name="Verify_user_is_able_to_able_to_click_on_refundable_or_non_refundable_options" time="3.279"/>
  <system-out>
    <![CDATA[clicked on refundable radio button]]>
  </system-out>
  <testcase classname="com.testcases.Flights" name="Verify_user_is_able_to_book_round_trip" time="6.034"/>
  <system-out>
    <![CDATA[clicked on make payment button
Navigated to payment page]]>
  </system-out>
</testsuite> <!-- com.testcases.Flights -->
