<?xml version="1.0" encoding="UTF-8"?>
<!-- Generated by org.testng.reporters.JUnitReportReporter -->
<testsuite hostname="OVIYA" failures="0" tests="1" name="com.testcases.Books" time="1.580" errors="0" timestamp="2024-11-12T18:46:10 IST" skipped="0">
  <testcase classname="com.testcases.Books" name="Verify_user_is_able_to_view_flights_after_navigating_to_homePage" time="1.580"/>
  <system-out>
    <![CDATA[Home Page is Displayed
PopUp is handled]]>
  </system-out>
</testsuite> <!-- com.testcases.Books -->
